runspec vv2989 started at Tue Aug 16 20:14:07 2022 on "ga100.novalocal"
runspec is: /usr/accel/bin/runspec
runspec: runspec --config=opencl-nvidia-a100.cfg --platform NVIDIA --iterations=1 --device GPU --size=ref --noreportable --tune=base --output_format csv heartwall -I
toolset: linux-suse10-amd64

Locating benchmarks...found 50 benchmarks in 3 benchsets.
Reading config file '/usr/accel/config/opencl-nvidia-a100.cfg'
Running "specperl /usr/accel/Docs/sysinfo" to gather system information.
Read 82 total lines from the sysinfo program.
Read 81 usable lines from the sysinfo program.

Verbosity = 5
Action    = validate
Tune      = base
Ext       = compsys
Size      = ref
Machine   = default
benchmarks= 128.heartwall
outputs   = csv
username  = root
Benchmarks selected: 128.heartwall
Compiling Binaries

------------------------------------------------------------------------
  Up to date 128.heartwall base compsys default


Setting Up Run Directories
  Setting up 128.heartwall ref base compsys default: existing (run_base_ref_compsys.0000)

-----------------------------------
Running Benchmarks

-----------------------------------
  Running 128.heartwall ref base compsys default [Tue Aug 16 20:14:08 2022]
Commands to run:
    -C /usr/accel/benchspec/ACCEL/128.heartwall/run/run_base_ref_compsys.0000
    -o heartwall.out -e heartwall.err ../run_base_ref_compsys.0000/heartwall_exe_base.compsys --platform NVIDIA --device GPU 100 (timed)
**WARNING: environment variable 'TERMCAP' contains embedded CR or LF; they will be converted to spaces
Specinvoke: /usr/accel/bin/specinvoke -d /usr/accel/benchspec/ACCEL/128.heartwall/run/run_base_ref_compsys.0000 -e speccmds.err -o speccmds.stdout -f speccmds.cmd -C -q
Issuing command '/usr/accel/bin/specinvoke -d /usr/accel/benchspec/ACCEL/128.heartwall/run/run_base_ref_compsys.0000 -e speccmds.err -o speccmds.stdout -f speccmds.cmd -C -q'
Start command: Tue Aug 16 20:14:08 2022 (1660680848.34726)
Stop command: Tue Aug 16 20:14:30 2022 (1660680870.31978)
Elapsed time for command: 00:00:21 (21.9725229740143)
Workload elapsed time (0:1) = 21.969335 seconds
Copy 0 of 128.heartwall (base ref) run 1 finished at Tue Aug 16 20:14:30 2022.  Total elapsed time: 21.969335
comparing files in '/usr/accel/benchspec/ACCEL/128.heartwall/run/run_base_ref_compsys.0000'
comparing 'result.txt' with abstol=6, binary=, calctol=, cw=, floatcompare=, ignorecase=, obiwan=, reltol=, skipabstol=, skipobiwan=, skipreltol=, skiptol=
Specinvoke: /usr/accel/bin/specinvoke -E -d /usr/accel/benchspec/ACCEL/128.heartwall/run/run_base_ref_compsys.0000 -c 1 -e compare.err -o compare.stdout -f compare.cmd -k
Issuing command '/usr/accel/bin/specinvoke -E -d /usr/accel/benchspec/ACCEL/128.heartwall/run/run_base_ref_compsys.0000 -c 1 -e compare.err -o compare.stdout -f compare.cmd -k'
Start command: Tue Aug 16 20:14:30 2022 (1660680870.33133)
Stop command: Tue Aug 16 20:14:30 2022 (1660680870.42315)
Elapsed time for command: 00:00:00 (0.0918190479278564)
Benchmark Times:
  Start:    Tue Aug 16 20:14:08 2022 (1660680848)
  Stop:     Tue Aug 16 20:14:30 2022 (1660680870)
  Elapsed:  00:00:22 (22)
  Reported: 21 969406000 21.969406
 Success 128.heartwall base ref ratio=4.82, runtime=21.969406, power=0.00W, temp=0.00 degC, humidity=0.00%
Success: 1x128.heartwall
Producing Raw Reports
mach: default
  ext: compsys
    size: ref
      set: openmp
      set: opencl
        format: raw -> /usr/accel/result/ACCEL_OCL.3305.opencl.ref.rsf
Parsing flags for 128.heartwall base: done
Doing flag reduction: done
        format: CSV -> /usr/accel/result/ACCEL_OCL.3305.opencl.ref.csv
      set: openacc

The log for this run is in /usr/accel/result/ACCEL.3305.log

runspec finished at Tue Aug 16 20:14:31 2022; 24 total seconds elapsed
