runspec vv2989 started at Mon Aug 15 10:40:53 2022 on "ga100.novalocal"
runspec is: /usr/accel/bin/runspec
runspec: runspec --config=opencl-nvidia-a100.cfg --platform NVIDIA --iterations=1 --device GPU --size=ref --noreportable --tune=base --output_format csv spmv -I
toolset: linux-suse10-amd64

Locating benchmarks...found 50 benchmarks in 3 benchsets.
Reading config file '/usr/accel/config/opencl-nvidia-a100.cfg'
Running "specperl /usr/accel/Docs/sysinfo" to gather system information.
Read 82 total lines from the sysinfo program.
Read 81 usable lines from the sysinfo program.

Verbosity = 5
Action    = validate
Tune      = base
Ext       = compsys
Size      = ref
Machine   = default
benchmarks= 112.spmv
outputs   = csv
username  = root
Benchmarks selected: 112.spmv
Compiling Binaries

------------------------------------------------------------------------
  Up to date 112.spmv base compsys default


Setting Up Run Directories
  Setting up 112.spmv ref base compsys default: existing (run_base_ref_compsys.0000)

-----------------------------------
Running Benchmarks

-----------------------------------
  Running 112.spmv ref base compsys default [Mon Aug 15 10:40:55 2022]
Commands to run:
    -C /usr/accel/benchspec/ACCEL/112.spmv/run/run_base_ref_compsys.0000
    -o spmv.out -e spmv.err ../run_base_ref_compsys.0000/spmv_exe_base.compsys --platform NVIDIA --device GPU -i msdoor.mtx,vector.txt -o msdoor.mtx.out -- 50000 (timed)
**WARNING: environment variable 'TERMCAP' contains embedded CR or LF; they will be converted to spaces
Specinvoke: /usr/accel/bin/specinvoke -d /usr/accel/benchspec/ACCEL/112.spmv/run/run_base_ref_compsys.0000 -e speccmds.err -o speccmds.stdout -f speccmds.cmd -C -q
Issuing command '/usr/accel/bin/specinvoke -d /usr/accel/benchspec/ACCEL/112.spmv/run/run_base_ref_compsys.0000 -e speccmds.err -o speccmds.stdout -f speccmds.cmd -C -q'
Start command: Mon Aug 15 10:40:55 2022 (1660560055.07304)
Stop command: Mon Aug 15 10:41:08 2022 (1660560068.11829)
Elapsed time for command: 00:00:13 (13.0452461242676)
Workload elapsed time (0:1) = 13.042327 seconds
Copy 0 of 112.spmv (base ref) run 1 finished at Mon Aug 15 10:41:08 2022.  Total elapsed time: 13.042327
comparing files in '/usr/accel/benchspec/ACCEL/112.spmv/run/run_base_ref_compsys.0000'
comparing 'msdoor.mtx.out' with abstol=0.01, binary=, calctol=, cw=, floatcompare=, ignorecase=, obiwan=, reltol=0.004, skipabstol=, skipobiwan=, skipreltol=, skiptol=
Specinvoke: /usr/accel/bin/specinvoke -E -d /usr/accel/benchspec/ACCEL/112.spmv/run/run_base_ref_compsys.0000 -c 1 -e compare.err -o compare.stdout -f compare.cmd -k
Issuing command '/usr/accel/bin/specinvoke -E -d /usr/accel/benchspec/ACCEL/112.spmv/run/run_base_ref_compsys.0000 -c 1 -e compare.err -o compare.stdout -f compare.cmd -k'
Start command: Mon Aug 15 10:41:08 2022 (1660560068.12982)
Stop command: Mon Aug 15 10:41:09 2022 (1660560069.85262)
Elapsed time for command: 00:00:01 (1.72280788421631)
Benchmark Times:
  Start:    Mon Aug 15 10:40:55 2022 (1660560055)
  Stop:     Mon Aug 15 10:41:08 2022 (1660560068)
  Elapsed:  00:00:13 (13)
  Reported: 13 42389000 13.042389
 Success 112.spmv base ref ratio=11.27, runtime=13.042389, power=0.00W, temp=0.00 degC, humidity=0.00%
Success: 1x112.spmv
Producing Raw Reports
mach: default
  ext: compsys
    size: ref
      set: openmp
      set: opencl
        format: raw -> /usr/accel/result/ACCEL_OCL.366.opencl.ref.rsf
Parsing flags for 112.spmv base: done
Doing flag reduction: done
        format: CSV -> /usr/accel/result/ACCEL_OCL.366.opencl.ref.csv
      set: openacc

The log for this run is in /usr/accel/result/ACCEL.366.log

runspec finished at Mon Aug 15 10:41:10 2022; 17 total seconds elapsed
