runspec vv2989 started at Tue Aug 16 04:08:19 2022 on "ga100.novalocal"
runspec is: /usr/accel/bin/runspec
runspec: runspec --config=opencl-nvidia-a100.cfg --platform NVIDIA --iterations=1 --device GPU --size=ref --noreportable --tune=base --output_format csv cutcp -I
toolset: linux-suse10-amd64

Locating benchmarks...found 50 benchmarks in 3 benchsets.
Reading config file '/usr/accel/config/opencl-nvidia-a100.cfg'
Running "specperl /usr/accel/Docs/sysinfo" to gather system information.
Read 82 total lines from the sysinfo program.
Read 81 usable lines from the sysinfo program.

Verbosity = 5
Action    = validate
Tune      = base
Ext       = compsys
Size      = ref
Machine   = default
benchmarks= 118.cutcp
outputs   = csv
username  = root
Benchmarks selected: 118.cutcp
Compiling Binaries

------------------------------------------------------------------------
  Up to date 118.cutcp base compsys default


Setting Up Run Directories
  Setting up 118.cutcp ref base compsys default: existing (run_base_ref_compsys.0000)

-----------------------------------
Running Benchmarks

-----------------------------------
  Running 118.cutcp ref base compsys default [Tue Aug 16 04:08:20 2022]
Commands to run:
    -C /usr/accel/benchspec/ACCEL/118.cutcp/run/run_base_ref_compsys.0000
    -o cutcp.out -e cutcp.err ../run_base_ref_compsys.0000/cutcp_exe_base.compsys --platform NVIDIA --device GPU -i watbox.sl100.pqr -o lattice.dat -- 125 (timed)
**WARNING: environment variable 'TERMCAP' contains embedded CR or LF; they will be converted to spaces
Specinvoke: /usr/accel/bin/specinvoke -d /usr/accel/benchspec/ACCEL/118.cutcp/run/run_base_ref_compsys.0000 -e speccmds.err -o speccmds.stdout -f speccmds.cmd -C -q
Issuing command '/usr/accel/bin/specinvoke -d /usr/accel/benchspec/ACCEL/118.cutcp/run/run_base_ref_compsys.0000 -e speccmds.err -o speccmds.stdout -f speccmds.cmd -C -q'
Start command: Tue Aug 16 04:08:20 2022 (1660622900.40091)
Stop command: Tue Aug 16 04:08:25 2022 (1660622905.92097)
Elapsed time for command: 00:00:05 (5.52006006240845)
Workload elapsed time (0:1) = 5.516973 seconds
Copy 0 of 118.cutcp (base ref) run 1 finished at Tue Aug 16 04:08:25 2022.  Total elapsed time: 5.516973
comparing files in '/usr/accel/benchspec/ACCEL/118.cutcp/run/run_base_ref_compsys.0000'
comparing 'lattice.dat' with abstol=, binary=, calctol=, cw=, floatcompare=, ignorecase=, obiwan=, reltol=0.005, skipabstol=, skipobiwan=, skipreltol=, skiptol=
Specinvoke: /usr/accel/bin/specinvoke -E -d /usr/accel/benchspec/ACCEL/118.cutcp/run/run_base_ref_compsys.0000 -c 1 -e compare.err -o compare.stdout -f compare.cmd -k
Issuing command '/usr/accel/bin/specinvoke -E -d /usr/accel/benchspec/ACCEL/118.cutcp/run/run_base_ref_compsys.0000 -c 1 -e compare.err -o compare.stdout -f compare.cmd -k'
Start command: Tue Aug 16 04:08:25 2022 (1660622905.93271)
Stop command: Tue Aug 16 04:08:26 2022 (1660622906.39221)
Elapsed time for command: 00:00:00 (0.459501028060913)
Benchmark Times:
  Start:    Tue Aug 16 04:08:20 2022 (1660622900)
  Stop:     Tue Aug 16 04:08:25 2022 (1660622905)
  Elapsed:  00:00:05 (5)
  Reported: 5 517037000 5.517037
 Success 118.cutcp base ref ratio=17.94, runtime=5.517037, power=0.00W, temp=0.00 degC, humidity=0.00%
Success: 1x118.cutcp
Producing Raw Reports
mach: default
  ext: compsys
    size: ref
      set: openmp
      set: opencl
        format: raw -> /usr/accel/result/ACCEL_OCL.1947.opencl.ref.rsf
Parsing flags for 118.cutcp base: done
Doing flag reduction: done
        format: CSV -> /usr/accel/result/ACCEL_OCL.1947.opencl.ref.csv
      set: openacc

The log for this run is in /usr/accel/result/ACCEL.1947.log

runspec finished at Tue Aug 16 04:08:27 2022; 8 total seconds elapsed
