runspec vv2989 started at Tue Aug 16 18:19:19 2022 on "ga100.novalocal"
runspec is: /usr/accel/bin/runspec
runspec: runspec --config=opencl-nvidia-a100.cfg --platform NVIDIA --iterations=1 --device GPU --size=ref --noreportable --tune=base --output_format csv ge -I
toolset: linux-suse10-amd64

Locating benchmarks...found 50 benchmarks in 3 benchsets.
Reading config file '/usr/accel/config/opencl-nvidia-a100.cfg'
Running "specperl /usr/accel/Docs/sysinfo" to gather system information.
Read 82 total lines from the sysinfo program.
Read 81 usable lines from the sysinfo program.

Verbosity = 5
Action    = validate
Tune      = base
Ext       = compsys
Size      = ref
Machine   = default
benchmarks= 126.ge
outputs   = csv
username  = root
Benchmarks selected: 126.ge
Compiling Binaries

------------------------------------------------------------------------
  Up to date 126.ge base compsys default


Setting Up Run Directories
  Setting up 126.ge ref base compsys default: existing (run_base_ref_compsys.0000)

-----------------------------------
Running Benchmarks

-----------------------------------
  Running 126.ge ref base compsys default [Tue Aug 16 18:19:20 2022]
Commands to run:
    -C /usr/accel/benchspec/ACCEL/126.ge/run/run_base_ref_compsys.0000
    -o ge.out -e ge.err ../run_base_ref_compsys.0000/ge_exe_base.compsys --platform NVIDIA --device GPU 5632 (timed)
**WARNING: environment variable 'TERMCAP' contains embedded CR or LF; they will be converted to spaces
Specinvoke: /usr/accel/bin/specinvoke -d /usr/accel/benchspec/ACCEL/126.ge/run/run_base_ref_compsys.0000 -e speccmds.err -o speccmds.stdout -f speccmds.cmd -C -q
Issuing command '/usr/accel/bin/specinvoke -d /usr/accel/benchspec/ACCEL/126.ge/run/run_base_ref_compsys.0000 -e speccmds.err -o speccmds.stdout -f speccmds.cmd -C -q'
Start command: Tue Aug 16 18:19:20 2022 (1660673960.54248)
Stop command: Tue Aug 16 18:19:34 2022 (1660673974.20899)
Elapsed time for command: 00:00:13 (13.666512966156)
Workload elapsed time (0:1) = 13.663263 seconds
Copy 0 of 126.ge (base ref) run 1 finished at Tue Aug 16 18:19:34 2022.  Total elapsed time: 13.663263
comparing files in '/usr/accel/benchspec/ACCEL/126.ge/run/run_base_ref_compsys.0000'
comparing 'result.txt' with abstol=0.005, binary=, calctol=, cw=, floatcompare=, ignorecase=, obiwan=, reltol=0.05, skipabstol=, skipobiwan=, skipreltol=, skiptol=
Specinvoke: /usr/accel/bin/specinvoke -E -d /usr/accel/benchspec/ACCEL/126.ge/run/run_base_ref_compsys.0000 -c 1 -e compare.err -o compare.stdout -f compare.cmd -k
Issuing command '/usr/accel/bin/specinvoke -E -d /usr/accel/benchspec/ACCEL/126.ge/run/run_base_ref_compsys.0000 -c 1 -e compare.err -o compare.stdout -f compare.cmd -k'
Start command: Tue Aug 16 18:19:34 2022 (1660673974.22042)
Stop command: Tue Aug 16 18:19:34 2022 (1660673974.33032)
Elapsed time for command: 00:00:00 (0.109894037246704)
Benchmark Times:
  Start:    Tue Aug 16 18:19:20 2022 (1660673960)
  Stop:     Tue Aug 16 18:19:34 2022 (1660673974)
  Elapsed:  00:00:14 (14)
  Reported: 13 663336000 13.663336
 Success 126.ge base ref ratio=11.34, runtime=13.663336, power=0.00W, temp=0.00 degC, humidity=0.00%
Success: 1x126.ge
Producing Raw Reports
mach: default
  ext: compsys
    size: ref
      set: openmp
      set: opencl
        format: raw -> /usr/accel/result/ACCEL_OCL.3151.opencl.ref.rsf
Parsing flags for 126.ge base: done
Doing flag reduction: done
        format: CSV -> /usr/accel/result/ACCEL_OCL.3151.opencl.ref.csv
      set: openacc

The log for this run is in /usr/accel/result/ACCEL.3151.log

runspec finished at Tue Aug 16 18:19:35 2022; 16 total seconds elapsed
