runspec vv2989 started at Mon Aug 15 19:33:02 2022 on "ga100.novalocal"
runspec is: /usr/accel/bin/runspec
runspec: runspec --config=opencl-nvidia-a100.cfg --platform NVIDIA --iterations=1 --device GPU --size=ref --noreportable --tune=base --output_format csv bplustree -I
toolset: linux-suse10-amd64

Locating benchmarks...found 50 benchmarks in 3 benchsets.
Reading config file '/usr/accel/config/opencl-nvidia-a100.cfg'
Running "specperl /usr/accel/Docs/sysinfo" to gather system information.
Read 82 total lines from the sysinfo program.
Read 81 usable lines from the sysinfo program.

Verbosity = 5
Action    = validate
Tune      = base
Ext       = compsys
Size      = ref
Machine   = default
benchmarks= 140.bplustree
outputs   = csv
username  = root
Benchmarks selected: 140.bplustree
Compiling Binaries

------------------------------------------------------------------------
  Up to date 140.bplustree base compsys default


Setting Up Run Directories
  Setting up 140.bplustree ref base compsys default: existing (run_base_ref_compsys.0000)

-----------------------------------
Running Benchmarks

-----------------------------------
  Running 140.bplustree ref base compsys default [Mon Aug 15 19:33:03 2022]
Commands to run:
    -C /usr/accel/benchspec/ACCEL/140.bplustree/run/run_base_ref_compsys.0000
    -o bplustree.out -e bplustree.err ../run_base_ref_compsys.0000/bplustree_exe_base.compsys --platform NVIDIA --device GPU file ./mil.txt command ./command.txt (timed)
**WARNING: environment variable 'TERMCAP' contains embedded CR or LF; they will be converted to spaces
Specinvoke: /usr/accel/bin/specinvoke -d /usr/accel/benchspec/ACCEL/140.bplustree/run/run_base_ref_compsys.0000 -e speccmds.err -o speccmds.stdout -f speccmds.cmd -C -q
Issuing command '/usr/accel/bin/specinvoke -d /usr/accel/benchspec/ACCEL/140.bplustree/run/run_base_ref_compsys.0000 -e speccmds.err -o speccmds.stdout -f speccmds.cmd -C -q'
Start command: Mon Aug 15 19:33:03 2022 (1660591983.85842)
Stop command: Mon Aug 15 19:33:12 2022 (1660591992.01633)
Elapsed time for command: 00:00:08 (8.1579110622406)
Workload elapsed time (0:1) = 8.154705 seconds
Copy 0 of 140.bplustree (base ref) run 1 finished at Mon Aug 15 19:33:12 2022.  Total elapsed time: 8.154705
comparing files in '/usr/accel/benchspec/ACCEL/140.bplustree/run/run_base_ref_compsys.0000'
comparing 'output.txt' with abstol=2.5e-05, binary=, calctol=, cw=, floatcompare=, ignorecase=, obiwan=, reltol=0.0025, skipabstol=, skipobiwan=, skipreltol=, skiptol=
Specinvoke: /usr/accel/bin/specinvoke -E -d /usr/accel/benchspec/ACCEL/140.bplustree/run/run_base_ref_compsys.0000 -c 1 -e compare.err -o compare.stdout -f compare.cmd -k
Issuing command '/usr/accel/bin/specinvoke -E -d /usr/accel/benchspec/ACCEL/140.bplustree/run/run_base_ref_compsys.0000 -c 1 -e compare.err -o compare.stdout -f compare.cmd -k'
Start command: Mon Aug 15 19:33:12 2022 (1660591992.02829)
Stop command: Mon Aug 15 19:33:14 2022 (1660591994.71527)
Elapsed time for command: 00:00:02 (2.68698215484619)
Benchmark Times:
  Start:    Mon Aug 15 19:33:03 2022 (1660591983)
  Stop:     Mon Aug 15 19:33:12 2022 (1660591992)
  Elapsed:  00:00:09 (9)
  Reported: 8 154785000 8.154785
 Success 140.bplustree base ref ratio=13.24, runtime=8.154785, power=0.00W, temp=0.00 degC, humidity=0.00%
Success: 1x140.bplustree
Producing Raw Reports
mach: default
  ext: compsys
    size: ref
      set: openmp
      set: opencl
        format: raw -> /usr/accel/result/ACCEL_OCL.1178.opencl.ref.rsf
Parsing flags for 140.bplustree base: done
Doing flag reduction: done
        format: CSV -> /usr/accel/result/ACCEL_OCL.1178.opencl.ref.csv
      set: openacc

The log for this run is in /usr/accel/result/ACCEL.1178.log

runspec finished at Mon Aug 15 19:33:15 2022; 13 total seconds elapsed
