runspec vv2989 started at Tue Aug 16 02:40:35 2022 on "ga100.novalocal"
runspec is: /usr/accel/bin/runspec
runspec: runspec --config=opencl-nvidia-a100.cfg --platform NVIDIA --iterations=1 --device GPU --size=ref --noreportable --tune=base --output_format csv cfd -I
toolset: linux-suse10-amd64

Locating benchmarks...found 50 benchmarks in 3 benchsets.
Reading config file '/usr/accel/config/opencl-nvidia-a100.cfg'
Running "specperl /usr/accel/Docs/sysinfo" to gather system information.
Read 82 total lines from the sysinfo program.
Read 81 usable lines from the sysinfo program.

Verbosity = 5
Action    = validate
Tune      = base
Ext       = compsys
Size      = ref
Machine   = default
benchmarks= 122.cfd
outputs   = csv
username  = root
Benchmarks selected: 122.cfd
Compiling Binaries

------------------------------------------------------------------------
  Up to date 122.cfd base compsys default


Setting Up Run Directories
  Setting up 122.cfd ref base compsys default: existing (run_base_ref_compsys.0000)

-----------------------------------
Running Benchmarks

-----------------------------------
  Running 122.cfd ref base compsys default [Tue Aug 16 02:40:36 2022]
Commands to run:
    -C /usr/accel/benchspec/ACCEL/122.cfd/run/run_base_ref_compsys.0000
    -o euler3d.out -e euler3d.err ../run_base_ref_compsys.0000/cfd_exe_base.compsys --platform NVIDIA --device GPU fvcorr.domn.193K RK 4 IT 24000 (timed)
**WARNING: environment variable 'TERMCAP' contains embedded CR or LF; they will be converted to spaces
Specinvoke: /usr/accel/bin/specinvoke -d /usr/accel/benchspec/ACCEL/122.cfd/run/run_base_ref_compsys.0000 -e speccmds.err -o speccmds.stdout -f speccmds.cmd -C -q
Issuing command '/usr/accel/bin/specinvoke -d /usr/accel/benchspec/ACCEL/122.cfd/run/run_base_ref_compsys.0000 -e speccmds.err -o speccmds.stdout -f speccmds.cmd -C -q'
Start command: Tue Aug 16 02:40:36 2022 (1660617636.73803)
Stop command: Tue Aug 16 02:40:48 2022 (1660617648.90352)
Elapsed time for command: 00:00:12 (12.1654870510101)
Workload elapsed time (0:1) = 12.162423 seconds
Copy 0 of 122.cfd (base ref) run 1 finished at Tue Aug 16 02:40:48 2022.  Total elapsed time: 12.162423
comparing files in '/usr/accel/benchspec/ACCEL/122.cfd/run/run_base_ref_compsys.0000'
comparing 'density' with abstol=2.5e-05, binary=, calctol=, cw=, floatcompare=, ignorecase=, obiwan=, reltol=0.0025, skipabstol=, skipobiwan=, skipreltol=, skiptol=
comparing 'density_energy' with abstol=2.5e-05, binary=, calctol=, cw=, floatcompare=, ignorecase=, obiwan=, reltol=0.0025, skipabstol=, skipobiwan=, skipreltol=, skiptol=
comparing 'momentum' with abstol=2.5e-05, binary=, calctol=, cw=, floatcompare=, ignorecase=, obiwan=, reltol=0.0025, skipabstol=, skipobiwan=, skipreltol=, skiptol=
Specinvoke: /usr/accel/bin/specinvoke -E -d /usr/accel/benchspec/ACCEL/122.cfd/run/run_base_ref_compsys.0000 -c 1 -e compare.err -o compare.stdout -f compare.cmd -k
Issuing command '/usr/accel/bin/specinvoke -E -d /usr/accel/benchspec/ACCEL/122.cfd/run/run_base_ref_compsys.0000 -c 1 -e compare.err -o compare.stdout -f compare.cmd -k'
Start command: Tue Aug 16 02:40:48 2022 (1660617648.91541)
Stop command: Tue Aug 16 02:40:56 2022 (1660617656.06497)
Elapsed time for command: 00:00:07 (7.14956283569336)
Benchmark Times:
  Start:    Tue Aug 16 02:40:36 2022 (1660617636)
  Stop:     Tue Aug 16 02:40:48 2022 (1660617648)
  Elapsed:  00:00:12 (12)
  Reported: 12 162497000 12.162497
 Success 122.cfd base ref ratio=10.36, runtime=12.162497, power=0.00W, temp=0.00 degC, humidity=0.00%
Success: 1x122.cfd
Producing Raw Reports
mach: default
  ext: compsys
    size: ref
      set: openmp
      set: opencl
        format: raw -> /usr/accel/result/ACCEL_OCL.1817.opencl.ref.rsf
Parsing flags for 122.cfd base: done
Doing flag reduction: done
        format: CSV -> /usr/accel/result/ACCEL_OCL.1817.opencl.ref.csv
      set: openacc

The log for this run is in /usr/accel/result/ACCEL.1817.log

runspec finished at Tue Aug 16 02:40:56 2022; 21 total seconds elapsed
