runspec vv2989 started at Tue Aug 16 09:22:05 2022 on "ga100.novalocal"
runspec is: /usr/accel/bin/runspec
runspec: runspec --config=opencl-nvidia-a100.cfg --platform NVIDIA --iterations=1 --device GPU --size=ref --noreportable --tune=base --output_format csv cutcp -I
toolset: linux-suse10-amd64

Locating benchmarks...found 50 benchmarks in 3 benchsets.
Reading config file '/usr/accel/config/opencl-nvidia-a100.cfg'
Running "specperl /usr/accel/Docs/sysinfo" to gather system information.
Read 82 total lines from the sysinfo program.
Read 81 usable lines from the sysinfo program.

Verbosity = 5
Action    = validate
Tune      = base
Ext       = compsys
Size      = ref
Machine   = default
benchmarks= 118.cutcp
outputs   = csv
username  = root
Benchmarks selected: 118.cutcp
Compiling Binaries

------------------------------------------------------------------------
  Up to date 118.cutcp base compsys default


Setting Up Run Directories
  Setting up 118.cutcp ref base compsys default: existing (run_base_ref_compsys.0000)

-----------------------------------
Running Benchmarks

-----------------------------------
  Running 118.cutcp ref base compsys default [Tue Aug 16 09:22:06 2022]
Commands to run:
    -C /usr/accel/benchspec/ACCEL/118.cutcp/run/run_base_ref_compsys.0000
    -o cutcp.out -e cutcp.err ../run_base_ref_compsys.0000/cutcp_exe_base.compsys --platform NVIDIA --device GPU -i watbox.sl100.pqr -o lattice.dat -- 125 (timed)
**WARNING: environment variable 'TERMCAP' contains embedded CR or LF; they will be converted to spaces
Specinvoke: /usr/accel/bin/specinvoke -d /usr/accel/benchspec/ACCEL/118.cutcp/run/run_base_ref_compsys.0000 -e speccmds.err -o speccmds.stdout -f speccmds.cmd -C -q
Issuing command '/usr/accel/bin/specinvoke -d /usr/accel/benchspec/ACCEL/118.cutcp/run/run_base_ref_compsys.0000 -e speccmds.err -o speccmds.stdout -f speccmds.cmd -C -q'
Start command: Tue Aug 16 09:22:06 2022 (1660641726.8023)
Stop command: Tue Aug 16 09:22:12 2022 (1660641732.94851)
Elapsed time for command: 00:00:06 (6.14620900154114)
Workload elapsed time (0:1) = 6.143199 seconds
Copy 0 of 118.cutcp (base ref) run 1 finished at Tue Aug 16 09:22:12 2022.  Total elapsed time: 6.143199
comparing files in '/usr/accel/benchspec/ACCEL/118.cutcp/run/run_base_ref_compsys.0000'
comparing 'lattice.dat' with abstol=, binary=, calctol=, cw=, floatcompare=, ignorecase=, obiwan=, reltol=0.005, skipabstol=, skipobiwan=, skipreltol=, skiptol=
Specinvoke: /usr/accel/bin/specinvoke -E -d /usr/accel/benchspec/ACCEL/118.cutcp/run/run_base_ref_compsys.0000 -c 1 -e compare.err -o compare.stdout -f compare.cmd -k
Issuing command '/usr/accel/bin/specinvoke -E -d /usr/accel/benchspec/ACCEL/118.cutcp/run/run_base_ref_compsys.0000 -c 1 -e compare.err -o compare.stdout -f compare.cmd -k'
Start command: Tue Aug 16 09:22:12 2022 (1660641732.96009)
Stop command: Tue Aug 16 09:22:13 2022 (1660641733.41707)
Elapsed time for command: 00:00:00 (0.456979036331177)
Benchmark Times:
  Start:    Tue Aug 16 09:22:06 2022 (1660641726)
  Stop:     Tue Aug 16 09:22:12 2022 (1660641732)
  Elapsed:  00:00:06 (6)
  Reported: 6 143246000 6.143246
 Success 118.cutcp base ref ratio=16.12, runtime=6.143246, power=0.00W, temp=0.00 degC, humidity=0.00%
Success: 1x118.cutcp
Producing Raw Reports
mach: default
  ext: compsys
    size: ref
      set: openmp
      set: opencl
        format: raw -> /usr/accel/result/ACCEL_OCL.2403.opencl.ref.rsf
Parsing flags for 118.cutcp base: done
Doing flag reduction: done
        format: CSV -> /usr/accel/result/ACCEL_OCL.2403.opencl.ref.csv
      set: openacc

The log for this run is in /usr/accel/result/ACCEL.2403.log

runspec finished at Tue Aug 16 09:22:14 2022; 9 total seconds elapsed
