runspec vv2989 started at Tue Aug 16 17:32:24 2022 on "ga100.novalocal"
runspec is: /usr/accel/bin/runspec
runspec: runspec --config=opencl-nvidia-a100.cfg --platform NVIDIA --iterations=1 --device GPU --size=ref --noreportable --tune=base --output_format csv kmeans -I
toolset: linux-suse10-amd64

Locating benchmarks...found 50 benchmarks in 3 benchsets.
Reading config file '/usr/accel/config/opencl-nvidia-a100.cfg'
Running "specperl /usr/accel/Docs/sysinfo" to gather system information.
Read 82 total lines from the sysinfo program.
Read 81 usable lines from the sysinfo program.

Verbosity = 5
Action    = validate
Tune      = base
Ext       = compsys
Size      = ref
Machine   = default
benchmarks= 120.kmeans
outputs   = csv
username  = root
Benchmarks selected: 120.kmeans
Compiling Binaries

------------------------------------------------------------------------
  Up to date 120.kmeans base compsys default


Setting Up Run Directories
  Setting up 120.kmeans ref base compsys default: existing (run_base_ref_compsys.0000)

-----------------------------------
Running Benchmarks

-----------------------------------
  Running 120.kmeans ref base compsys default [Tue Aug 16 17:32:25 2022]
Commands to run:
    -C /usr/accel/benchspec/ACCEL/120.kmeans/run/run_base_ref_compsys.0000
    -o kmeans.out -e kmeans.err ../run_base_ref_compsys.0000/kmeans_exe_base.compsys --platform NVIDIA --device GPU -o -l 8 -i 1000000_34.txt (timed)
**WARNING: environment variable 'TERMCAP' contains embedded CR or LF; they will be converted to spaces
Specinvoke: /usr/accel/bin/specinvoke -d /usr/accel/benchspec/ACCEL/120.kmeans/run/run_base_ref_compsys.0000 -e speccmds.err -o speccmds.stdout -f speccmds.cmd -C -q
Issuing command '/usr/accel/bin/specinvoke -d /usr/accel/benchspec/ACCEL/120.kmeans/run/run_base_ref_compsys.0000 -e speccmds.err -o speccmds.stdout -f speccmds.cmd -C -q'
Start command: Tue Aug 16 17:32:25 2022 (1660671145.39821)
Stop command: Tue Aug 16 17:33:11 2022 (1660671191.09212)
Elapsed time for command: 00:00:45 (45.693913936615)
Workload elapsed time (0:1) = 45.690877 seconds
Copy 0 of 120.kmeans (base ref) run 1 finished at Tue Aug 16 17:33:11 2022.  Total elapsed time: 45.690877
comparing files in '/usr/accel/benchspec/ACCEL/120.kmeans/run/run_base_ref_compsys.0000'
comparing 'result.txt' with abstol=, binary=, calctol=, cw=, floatcompare=, ignorecase=, obiwan=, reltol=0.2, skipabstol=, skipobiwan=, skipreltol=, skiptol=
Specinvoke: /usr/accel/bin/specinvoke -E -d /usr/accel/benchspec/ACCEL/120.kmeans/run/run_base_ref_compsys.0000 -c 1 -e compare.err -o compare.stdout -f compare.cmd -k
Issuing command '/usr/accel/bin/specinvoke -E -d /usr/accel/benchspec/ACCEL/120.kmeans/run/run_base_ref_compsys.0000 -c 1 -e compare.err -o compare.stdout -f compare.cmd -k'
Start command: Tue Aug 16 17:33:11 2022 (1660671191.1038)
Stop command: Tue Aug 16 17:33:11 2022 (1660671191.1998)
Elapsed time for command: 00:00:00 (0.0959970951080322)
Benchmark Times:
  Start:    Tue Aug 16 17:32:25 2022 (1660671145)
  Stop:     Tue Aug 16 17:33:11 2022 (1660671191)
  Elapsed:  00:00:46 (46)
  Reported: 45 690950000 45.69095
 Success 120.kmeans base ref ratio=2.19, runtime=45.690950, power=0.00W, temp=0.00 degC, humidity=0.00%
Success: 1x120.kmeans
Producing Raw Reports
mach: default
  ext: compsys
    size: ref
      set: openmp
      set: opencl
        format: raw -> /usr/accel/result/ACCEL_OCL.3088.opencl.ref.rsf
Parsing flags for 120.kmeans base: done
Doing flag reduction: done
        format: CSV -> /usr/accel/result/ACCEL_OCL.3088.opencl.ref.csv
      set: openacc

The log for this run is in /usr/accel/result/ACCEL.3088.log

runspec finished at Tue Aug 16 17:33:11 2022; 47 total seconds elapsed
