runspec vv2989 started at Mon Aug 15 17:38:34 2022 on "ga100.novalocal"
runspec is: /usr/accel/bin/runspec
runspec: runspec --config=opencl-nvidia-a100.cfg --platform NVIDIA --iterations=1 --device GPU --size=ref --noreportable --tune=base --output_format csv ge -I
toolset: linux-suse10-amd64

Locating benchmarks...found 50 benchmarks in 3 benchsets.
Reading config file '/usr/accel/config/opencl-nvidia-a100.cfg'
Running "specperl /usr/accel/Docs/sysinfo" to gather system information.
Read 82 total lines from the sysinfo program.
Read 81 usable lines from the sysinfo program.

Verbosity = 5
Action    = validate
Tune      = base
Ext       = compsys
Size      = ref
Machine   = default
benchmarks= 126.ge
outputs   = csv
username  = root
Benchmarks selected: 126.ge
Compiling Binaries

------------------------------------------------------------------------
  Up to date 126.ge base compsys default


Setting Up Run Directories
  Setting up 126.ge ref base compsys default: existing (run_base_ref_compsys.0000)

-----------------------------------
Running Benchmarks

-----------------------------------
  Running 126.ge ref base compsys default [Mon Aug 15 17:38:35 2022]
Commands to run:
    -C /usr/accel/benchspec/ACCEL/126.ge/run/run_base_ref_compsys.0000
    -o ge.out -e ge.err ../run_base_ref_compsys.0000/ge_exe_base.compsys --platform NVIDIA --device GPU 5632 (timed)
**WARNING: environment variable 'TERMCAP' contains embedded CR or LF; they will be converted to spaces
Specinvoke: /usr/accel/bin/specinvoke -d /usr/accel/benchspec/ACCEL/126.ge/run/run_base_ref_compsys.0000 -e speccmds.err -o speccmds.stdout -f speccmds.cmd -C -q
Issuing command '/usr/accel/bin/specinvoke -d /usr/accel/benchspec/ACCEL/126.ge/run/run_base_ref_compsys.0000 -e speccmds.err -o speccmds.stdout -f speccmds.cmd -C -q'
Start command: Mon Aug 15 17:38:35 2022 (1660585115.42399)
Stop command: Mon Aug 15 17:38:43 2022 (1660585123.49537)
Elapsed time for command: 00:00:08 (8.07138705253601)
Workload elapsed time (0:1) = 8.068292 seconds
Copy 0 of 126.ge (base ref) run 1 finished at Mon Aug 15 17:38:43 2022.  Total elapsed time: 8.068292
comparing files in '/usr/accel/benchspec/ACCEL/126.ge/run/run_base_ref_compsys.0000'
comparing 'result.txt' with abstol=0.005, binary=, calctol=, cw=, floatcompare=, ignorecase=, obiwan=, reltol=0.05, skipabstol=, skipobiwan=, skipreltol=, skiptol=
Specinvoke: /usr/accel/bin/specinvoke -E -d /usr/accel/benchspec/ACCEL/126.ge/run/run_base_ref_compsys.0000 -c 1 -e compare.err -o compare.stdout -f compare.cmd -k
Issuing command '/usr/accel/bin/specinvoke -E -d /usr/accel/benchspec/ACCEL/126.ge/run/run_base_ref_compsys.0000 -c 1 -e compare.err -o compare.stdout -f compare.cmd -k'
Start command: Mon Aug 15 17:38:43 2022 (1660585123.50683)
Stop command: Mon Aug 15 17:38:43 2022 (1660585123.61711)
Elapsed time for command: 00:00:00 (0.11027193069458)
Benchmark Times:
  Start:    Mon Aug 15 17:38:35 2022 (1660585115)
  Stop:     Mon Aug 15 17:38:43 2022 (1660585123)
  Elapsed:  00:00:08 (8)
  Reported: 8 68361000 8.068361
 Success 126.ge base ref ratio=19.21, runtime=8.068361, power=0.00W, temp=0.00 degC, humidity=0.00%
Success: 1x126.ge
Producing Raw Reports
mach: default
  ext: compsys
    size: ref
      set: openmp
      set: opencl
        format: raw -> /usr/accel/result/ACCEL_OCL.1004.opencl.ref.rsf
Parsing flags for 126.ge base: done
Doing flag reduction: done
        format: CSV -> /usr/accel/result/ACCEL_OCL.1004.opencl.ref.csv
      set: openacc

The log for this run is in /usr/accel/result/ACCEL.1004.log

runspec finished at Mon Aug 15 17:38:44 2022; 10 total seconds elapsed
