runspec vv2989 started at Mon Aug 15 08:37:34 2022 on "ga100.novalocal"
runspec is: /usr/accel/bin/runspec
runspec: runspec --config=opencl-nvidia-a100.cfg --platform NVIDIA --iterations=1 --device GPU --size=ref --noreportable --tune=base --output_format csv spmv -I
toolset: linux-suse10-amd64

Locating benchmarks...found 50 benchmarks in 3 benchsets.
Reading config file '/usr/accel/config/opencl-nvidia-a100.cfg'
Running "specperl /usr/accel/Docs/sysinfo" to gather system information.
Read 82 total lines from the sysinfo program.
Read 81 usable lines from the sysinfo program.

Verbosity = 5
Action    = validate
Tune      = base
Ext       = compsys
Size      = ref
Machine   = default
benchmarks= 112.spmv
outputs   = csv
username  = root
Benchmarks selected: 112.spmv
Compiling Binaries

------------------------------------------------------------------------
  Up to date 112.spmv base compsys default


Setting Up Run Directories
  Setting up 112.spmv ref base compsys default: existing (run_base_ref_compsys.0000)

-----------------------------------
Running Benchmarks

-----------------------------------
  Running 112.spmv ref base compsys default [Mon Aug 15 08:37:35 2022]
Commands to run:
    -C /usr/accel/benchspec/ACCEL/112.spmv/run/run_base_ref_compsys.0000
    -o spmv.out -e spmv.err ../run_base_ref_compsys.0000/spmv_exe_base.compsys --platform NVIDIA --device GPU -i msdoor.mtx,vector.txt -o msdoor.mtx.out -- 50000 (timed)
**WARNING: environment variable 'TERMCAP' contains embedded CR or LF; they will be converted to spaces
Specinvoke: /usr/accel/bin/specinvoke -d /usr/accel/benchspec/ACCEL/112.spmv/run/run_base_ref_compsys.0000 -e speccmds.err -o speccmds.stdout -f speccmds.cmd -C -q
Issuing command '/usr/accel/bin/specinvoke -d /usr/accel/benchspec/ACCEL/112.spmv/run/run_base_ref_compsys.0000 -e speccmds.err -o speccmds.stdout -f speccmds.cmd -C -q'
Start command: Mon Aug 15 08:37:35 2022 (1660552655.32861)
Stop command: Mon Aug 15 08:37:48 2022 (1660552668.2639)
Elapsed time for command: 00:00:12 (12.9352939128876)
Workload elapsed time (0:1) = 12.932299 seconds
Copy 0 of 112.spmv (base ref) run 1 finished at Mon Aug 15 08:37:48 2022.  Total elapsed time: 12.932299
comparing files in '/usr/accel/benchspec/ACCEL/112.spmv/run/run_base_ref_compsys.0000'
comparing 'msdoor.mtx.out' with abstol=0.01, binary=, calctol=, cw=, floatcompare=, ignorecase=, obiwan=, reltol=0.004, skipabstol=, skipobiwan=, skipreltol=, skiptol=
Specinvoke: /usr/accel/bin/specinvoke -E -d /usr/accel/benchspec/ACCEL/112.spmv/run/run_base_ref_compsys.0000 -c 1 -e compare.err -o compare.stdout -f compare.cmd -k
Issuing command '/usr/accel/bin/specinvoke -E -d /usr/accel/benchspec/ACCEL/112.spmv/run/run_base_ref_compsys.0000 -c 1 -e compare.err -o compare.stdout -f compare.cmd -k'
Start command: Mon Aug 15 08:37:48 2022 (1660552668.27559)
Stop command: Mon Aug 15 08:37:49 2022 (1660552669.99137)
Elapsed time for command: 00:00:01 (1.71578598022461)
Benchmark Times:
  Start:    Mon Aug 15 08:37:35 2022 (1660552655)
  Stop:     Mon Aug 15 08:37:48 2022 (1660552668)
  Elapsed:  00:00:13 (13)
  Reported: 12 932376000 12.932376
 Success 112.spmv base ref ratio=11.37, runtime=12.932376, power=0.00W, temp=0.00 degC, humidity=0.00%
Success: 1x112.spmv
Producing Raw Reports
mach: default
  ext: compsys
    size: ref
      set: openmp
      set: opencl
        format: raw -> /usr/accel/result/ACCEL_OCL.176.opencl.ref.rsf
Parsing flags for 112.spmv base: done
Doing flag reduction: done
        format: CSV -> /usr/accel/result/ACCEL_OCL.176.opencl.ref.csv
      set: openacc

The log for this run is in /usr/accel/result/ACCEL.176.log

runspec finished at Mon Aug 15 08:37:50 2022; 16 total seconds elapsed
