runspec vv2989 started at Tue Aug 16 16:46:50 2022 on "ga100.novalocal"
runspec is: /usr/accel/bin/runspec
runspec: runspec --config=opencl-nvidia-a100.cfg --platform NVIDIA --iterations=1 --device GPU --size=ref --noreportable --tune=base --output_format csv mriq -I
toolset: linux-suse10-amd64

Locating benchmarks...found 50 benchmarks in 3 benchsets.
Reading config file '/usr/accel/config/opencl-nvidia-a100.cfg'
Running "specperl /usr/accel/Docs/sysinfo" to gather system information.
Read 82 total lines from the sysinfo program.
Read 81 usable lines from the sysinfo program.

Verbosity = 5
Action    = validate
Tune      = base
Ext       = compsys
Size      = ref
Machine   = default
benchmarks= 114.mriq
outputs   = csv
username  = root
Benchmarks selected: 114.mriq
Compiling Binaries

------------------------------------------------------------------------
  Up to date 114.mriq base compsys default


Setting Up Run Directories
  Setting up 114.mriq ref base compsys default: existing (run_base_ref_compsys.0000)

-----------------------------------
Running Benchmarks

-----------------------------------
  Running 114.mriq ref base compsys default [Tue Aug 16 16:46:51 2022]
Commands to run:
    -C /usr/accel/benchspec/ACCEL/114.mriq/run/run_base_ref_compsys.0000
    -o mriq.out -e mriq.err ../run_base_ref_compsys.0000/mriq_exe_base.compsys --platform NVIDIA --device GPU -i 128x128x128.bin -o 128x128x128.out -- 200000 (timed)
**WARNING: environment variable 'TERMCAP' contains embedded CR or LF; they will be converted to spaces
Specinvoke: /usr/accel/bin/specinvoke -d /usr/accel/benchspec/ACCEL/114.mriq/run/run_base_ref_compsys.0000 -e speccmds.err -o speccmds.stdout -f speccmds.cmd -C -q
Issuing command '/usr/accel/bin/specinvoke -d /usr/accel/benchspec/ACCEL/114.mriq/run/run_base_ref_compsys.0000 -e speccmds.err -o speccmds.stdout -f speccmds.cmd -C -q'
Start command: Tue Aug 16 16:46:51 2022 (1660668411.91075)
Stop command: Tue Aug 16 16:46:57 2022 (1660668417.83579)
Elapsed time for command: 00:00:05 (5.92503905296326)
Workload elapsed time (0:1) = 5.922115 seconds
Copy 0 of 114.mriq (base ref) run 1 finished at Tue Aug 16 16:46:57 2022.  Total elapsed time: 5.922115
comparing files in '/usr/accel/benchspec/ACCEL/114.mriq/run/run_base_ref_compsys.0000'
comparing '128x128x128.out' with abstol=0.002, binary=, calctol=, cw=, floatcompare=, ignorecase=, obiwan=, reltol=0.002, skipabstol=, skipobiwan=, skipreltol=, skiptol=
Specinvoke: /usr/accel/bin/specinvoke -E -d /usr/accel/benchspec/ACCEL/114.mriq/run/run_base_ref_compsys.0000 -c 1 -e compare.err -o compare.stdout -f compare.cmd -k
Issuing command '/usr/accel/bin/specinvoke -E -d /usr/accel/benchspec/ACCEL/114.mriq/run/run_base_ref_compsys.0000 -c 1 -e compare.err -o compare.stdout -f compare.cmd -k'
Start command: Tue Aug 16 16:46:57 2022 (1660668417.84715)
Stop command: Tue Aug 16 16:47:05 2022 (1660668425.97084)
Elapsed time for command: 00:00:08 (8.12369108200073)
Benchmark Times:
  Start:    Tue Aug 16 16:46:51 2022 (1660668411)
  Stop:     Tue Aug 16 16:46:57 2022 (1660668417)
  Elapsed:  00:00:06 (6)
  Reported: 5 922187000 5.922187
 Success 114.mriq base ref ratio=18.41, runtime=5.922187, power=0.00W, temp=0.00 degC, humidity=0.00%
Success: 1x114.mriq
Producing Raw Reports
mach: default
  ext: compsys
    size: ref
      set: openmp
      set: opencl
        format: raw -> /usr/accel/result/ACCEL_OCL.3027.opencl.ref.rsf
Parsing flags for 114.mriq base: done
Doing flag reduction: done
        format: CSV -> /usr/accel/result/ACCEL_OCL.3027.opencl.ref.csv
      set: openacc

The log for this run is in /usr/accel/result/ACCEL.3027.log

runspec finished at Tue Aug 16 16:47:06 2022; 16 total seconds elapsed
