runspec vv2989 started at Tue Aug 16 12:44:40 2022 on "ga100.novalocal"
runspec is: /usr/accel/bin/runspec
runspec: runspec --config=opencl-nvidia-a100.cfg --platform NVIDIA --iterations=1 --device GPU --size=ref --noreportable --tune=base --output_format csv cfd -I
toolset: linux-suse10-amd64

Locating benchmarks...found 50 benchmarks in 3 benchsets.
Reading config file '/usr/accel/config/opencl-nvidia-a100.cfg'
Running "specperl /usr/accel/Docs/sysinfo" to gather system information.
Read 82 total lines from the sysinfo program.
Read 81 usable lines from the sysinfo program.

Verbosity = 5
Action    = validate
Tune      = base
Ext       = compsys
Size      = ref
Machine   = default
benchmarks= 122.cfd
outputs   = csv
username  = root
Benchmarks selected: 122.cfd
Compiling Binaries

------------------------------------------------------------------------
  Up to date 122.cfd base compsys default


Setting Up Run Directories
  Setting up 122.cfd ref base compsys default: existing (run_base_ref_compsys.0000)

-----------------------------------
Running Benchmarks

-----------------------------------
  Running 122.cfd ref base compsys default [Tue Aug 16 12:44:41 2022]
Commands to run:
    -C /usr/accel/benchspec/ACCEL/122.cfd/run/run_base_ref_compsys.0000
    -o euler3d.out -e euler3d.err ../run_base_ref_compsys.0000/cfd_exe_base.compsys --platform NVIDIA --device GPU fvcorr.domn.193K RK 4 IT 24000 (timed)
**WARNING: environment variable 'TERMCAP' contains embedded CR or LF; they will be converted to spaces
Specinvoke: /usr/accel/bin/specinvoke -d /usr/accel/benchspec/ACCEL/122.cfd/run/run_base_ref_compsys.0000 -e speccmds.err -o speccmds.stdout -f speccmds.cmd -C -q
Issuing command '/usr/accel/bin/specinvoke -d /usr/accel/benchspec/ACCEL/122.cfd/run/run_base_ref_compsys.0000 -e speccmds.err -o speccmds.stdout -f speccmds.cmd -C -q'
Start command: Tue Aug 16 12:44:41 2022 (1660653881.60821)
Stop command: Tue Aug 16 12:44:56 2022 (1660653896.20288)
Elapsed time for command: 00:00:14 (14.5946640968323)
Workload elapsed time (0:1) = 14.591359 seconds
Copy 0 of 122.cfd (base ref) run 1 finished at Tue Aug 16 12:44:56 2022.  Total elapsed time: 14.591359
comparing files in '/usr/accel/benchspec/ACCEL/122.cfd/run/run_base_ref_compsys.0000'
comparing 'density' with abstol=2.5e-05, binary=, calctol=, cw=, floatcompare=, ignorecase=, obiwan=, reltol=0.0025, skipabstol=, skipobiwan=, skipreltol=, skiptol=
comparing 'density_energy' with abstol=2.5e-05, binary=, calctol=, cw=, floatcompare=, ignorecase=, obiwan=, reltol=0.0025, skipabstol=, skipobiwan=, skipreltol=, skiptol=
comparing 'momentum' with abstol=2.5e-05, binary=, calctol=, cw=, floatcompare=, ignorecase=, obiwan=, reltol=0.0025, skipabstol=, skipobiwan=, skipreltol=, skiptol=
Specinvoke: /usr/accel/bin/specinvoke -E -d /usr/accel/benchspec/ACCEL/122.cfd/run/run_base_ref_compsys.0000 -c 1 -e compare.err -o compare.stdout -f compare.cmd -k
Issuing command '/usr/accel/bin/specinvoke -E -d /usr/accel/benchspec/ACCEL/122.cfd/run/run_base_ref_compsys.0000 -c 1 -e compare.err -o compare.stdout -f compare.cmd -k'
Start command: Tue Aug 16 12:44:56 2022 (1660653896.2152)
Stop command: Tue Aug 16 12:45:03 2022 (1660653903.41356)
Elapsed time for command: 00:00:07 (7.19836783409119)
Benchmark Times:
  Start:    Tue Aug 16 12:44:41 2022 (1660653881)
  Stop:     Tue Aug 16 12:44:56 2022 (1660653896)
  Elapsed:  00:00:15 (15)
  Reported: 14 591439000 14.591439
 Success 122.cfd base ref ratio=8.64, runtime=14.591439, power=0.00W, temp=0.00 degC, humidity=0.00%
Success: 1x122.cfd
Producing Raw Reports
mach: default
  ext: compsys
    size: ref
      set: openmp
      set: opencl
        format: raw -> /usr/accel/result/ACCEL_OCL.2691.opencl.ref.rsf
Parsing flags for 122.cfd base: done
Doing flag reduction: done
        format: CSV -> /usr/accel/result/ACCEL_OCL.2691.opencl.ref.csv
      set: openacc

The log for this run is in /usr/accel/result/ACCEL.2691.log

runspec finished at Tue Aug 16 12:45:04 2022; 24 total seconds elapsed
