runspec vv2989 started at Mon Aug 15 23:27:03 2022 on "ga100.novalocal"
runspec is: /usr/accel/bin/runspec
runspec: runspec --config=opencl-nvidia-a100.cfg --platform NVIDIA --iterations=1 --device GPU --size=ref --noreportable --tune=base --output_format csv cutcp -I
toolset: linux-suse10-amd64

Locating benchmarks...found 50 benchmarks in 3 benchsets.
Reading config file '/usr/accel/config/opencl-nvidia-a100.cfg'
Running "specperl /usr/accel/Docs/sysinfo" to gather system information.
Read 82 total lines from the sysinfo program.
Read 81 usable lines from the sysinfo program.

Verbosity = 5
Action    = validate
Tune      = base
Ext       = compsys
Size      = ref
Machine   = default
benchmarks= 118.cutcp
outputs   = csv
username  = root
Benchmarks selected: 118.cutcp
Compiling Binaries

------------------------------------------------------------------------
  Up to date 118.cutcp base compsys default


Setting Up Run Directories
  Setting up 118.cutcp ref base compsys default: existing (run_base_ref_compsys.0000)

-----------------------------------
Running Benchmarks

-----------------------------------
  Running 118.cutcp ref base compsys default [Mon Aug 15 23:27:04 2022]
Commands to run:
    -C /usr/accel/benchspec/ACCEL/118.cutcp/run/run_base_ref_compsys.0000
    -o cutcp.out -e cutcp.err ../run_base_ref_compsys.0000/cutcp_exe_base.compsys --platform NVIDIA --device GPU -i watbox.sl100.pqr -o lattice.dat -- 125 (timed)
**WARNING: environment variable 'TERMCAP' contains embedded CR or LF; they will be converted to spaces
Specinvoke: /usr/accel/bin/specinvoke -d /usr/accel/benchspec/ACCEL/118.cutcp/run/run_base_ref_compsys.0000 -e speccmds.err -o speccmds.stdout -f speccmds.cmd -C -q
Issuing command '/usr/accel/bin/specinvoke -d /usr/accel/benchspec/ACCEL/118.cutcp/run/run_base_ref_compsys.0000 -e speccmds.err -o speccmds.stdout -f speccmds.cmd -C -q'
Start command: Mon Aug 15 23:27:04 2022 (1660606024.48388)
Stop command: Mon Aug 15 23:27:09 2022 (1660606029.52722)
Elapsed time for command: 00:00:05 (5.04334712028503)
Workload elapsed time (0:1) = 5.040381 seconds
Copy 0 of 118.cutcp (base ref) run 1 finished at Mon Aug 15 23:27:09 2022.  Total elapsed time: 5.040381
comparing files in '/usr/accel/benchspec/ACCEL/118.cutcp/run/run_base_ref_compsys.0000'
comparing 'lattice.dat' with abstol=, binary=, calctol=, cw=, floatcompare=, ignorecase=, obiwan=, reltol=0.005, skipabstol=, skipobiwan=, skipreltol=, skiptol=
Specinvoke: /usr/accel/bin/specinvoke -E -d /usr/accel/benchspec/ACCEL/118.cutcp/run/run_base_ref_compsys.0000 -c 1 -e compare.err -o compare.stdout -f compare.cmd -k
Issuing command '/usr/accel/bin/specinvoke -E -d /usr/accel/benchspec/ACCEL/118.cutcp/run/run_base_ref_compsys.0000 -c 1 -e compare.err -o compare.stdout -f compare.cmd -k'
Start command: Mon Aug 15 23:27:09 2022 (1660606029.53943)
Stop command: Mon Aug 15 23:27:09 2022 (1660606029.99613)
Elapsed time for command: 00:00:00 (0.456705093383789)
Benchmark Times:
  Start:    Mon Aug 15 23:27:04 2022 (1660606024)
  Stop:     Mon Aug 15 23:27:09 2022 (1660606029)
  Elapsed:  00:00:05 (5)
  Reported: 5 40454000 5.040454
 Success 118.cutcp base ref ratio=19.64, runtime=5.040454, power=0.00W, temp=0.00 degC, humidity=0.00%
Success: 1x118.cutcp
Producing Raw Reports
mach: default
  ext: compsys
    size: ref
      set: openmp
      set: opencl
        format: raw -> /usr/accel/result/ACCEL_OCL.1529.opencl.ref.rsf
Parsing flags for 118.cutcp base: done
Doing flag reduction: done
        format: CSV -> /usr/accel/result/ACCEL_OCL.1529.opencl.ref.csv
      set: openacc

The log for this run is in /usr/accel/result/ACCEL.1529.log

runspec finished at Mon Aug 15 23:27:10 2022; 7 total seconds elapsed
