runspec vv2989 started at Mon Aug 15 08:32:27 2022 on "ga100.novalocal"
runspec is: /usr/accel/bin/runspec
runspec: runspec --config=opencl-nvidia-a100.cfg --platform NVIDIA --iterations=1 --device GPU --size=ref --noreportable --tune=base --output_format csv lud -I
toolset: linux-suse10-amd64

Locating benchmarks...found 50 benchmarks in 3 benchsets.
Reading config file '/usr/accel/config/opencl-nvidia-a100.cfg'
Running "specperl /usr/accel/Docs/sysinfo" to gather system information.
Read 82 total lines from the sysinfo program.
Read 81 usable lines from the sysinfo program.

Verbosity = 5
Action    = validate
Tune      = base
Ext       = compsys
Size      = ref
Machine   = default
benchmarks= 125.lud
outputs   = csv
username  = root
Benchmarks selected: 125.lud
Compiling Binaries

------------------------------------------------------------------------
  Up to date 125.lud base compsys default


Setting Up Run Directories
  Setting up 125.lud ref base compsys default: existing (run_base_ref_compsys.0000)

-----------------------------------
Running Benchmarks

-----------------------------------
  Running 125.lud ref base compsys default [Mon Aug 15 08:32:29 2022]
Commands to run:
    -C /usr/accel/benchspec/ACCEL/125.lud/run/run_base_ref_compsys.0000
    -o lud.out -e lud.err ../run_base_ref_compsys.0000/lud_exe_base.compsys --platform NVIDIA --device GPU -i 16000 (timed)
**WARNING: environment variable 'TERMCAP' contains embedded CR or LF; they will be converted to spaces
Specinvoke: /usr/accel/bin/specinvoke -d /usr/accel/benchspec/ACCEL/125.lud/run/run_base_ref_compsys.0000 -e speccmds.err -o speccmds.stdout -f speccmds.cmd -C -q
Issuing command '/usr/accel/bin/specinvoke -d /usr/accel/benchspec/ACCEL/125.lud/run/run_base_ref_compsys.0000 -e speccmds.err -o speccmds.stdout -f speccmds.cmd -C -q'
Start command: Mon Aug 15 08:32:29 2022 (1660552349.16542)
Stop command: Mon Aug 15 08:32:38 2022 (1660552358.92073)
Elapsed time for command: 00:00:09 (9.75531697273254)
Workload elapsed time (0:1) = 9.752276 seconds
Copy 0 of 125.lud (base ref) run 1 finished at Mon Aug 15 08:32:38 2022.  Total elapsed time: 9.752276
comparing files in '/usr/accel/benchspec/ACCEL/125.lud/run/run_base_ref_compsys.0000'
comparing 'result.txt' with abstol=0.0005, binary=, calctol=, cw=, floatcompare=, ignorecase=, obiwan=, reltol=0.0005, skipabstol=, skipobiwan=, skipreltol=, skiptol=
Specinvoke: /usr/accel/bin/specinvoke -E -d /usr/accel/benchspec/ACCEL/125.lud/run/run_base_ref_compsys.0000 -c 1 -e compare.err -o compare.stdout -f compare.cmd -k
Issuing command '/usr/accel/bin/specinvoke -E -d /usr/accel/benchspec/ACCEL/125.lud/run/run_base_ref_compsys.0000 -c 1 -e compare.err -o compare.stdout -f compare.cmd -k'
Start command: Mon Aug 15 08:32:38 2022 (1660552358.93249)
Stop command: Mon Aug 15 08:32:39 2022 (1660552359.27081)
Elapsed time for command: 00:00:00 (0.338324069976807)
Benchmark Times:
  Start:    Mon Aug 15 08:32:29 2022 (1660552349)
  Stop:     Mon Aug 15 08:32:38 2022 (1660552358)
  Elapsed:  00:00:09 (9)
  Reported: 9 752346000 9.752346
 Success 125.lud base ref ratio=12.20, runtime=9.752346, power=0.00W, temp=0.00 degC, humidity=0.00%
Success: 1x125.lud
Producing Raw Reports
mach: default
  ext: compsys
    size: ref
      set: openmp
      set: opencl
        format: raw -> /usr/accel/result/ACCEL_OCL.167.opencl.ref.rsf
Parsing flags for 125.lud base: done
Doing flag reduction: done
        format: CSV -> /usr/accel/result/ACCEL_OCL.167.opencl.ref.csv
      set: openacc

The log for this run is in /usr/accel/result/ACCEL.167.log

runspec finished at Mon Aug 15 08:32:39 2022; 12 total seconds elapsed
